android/app/build/intermediates/manifest_merge_blame_file/debug/manifest-merger-blame-debug-report.txt
1<?xml version="1.0" encoding="utf-8"?>
2<manifest xmlns:android="http://schemas.android.com/apk/res/android"
3    package="com.karnahai"
4    android:versionCode="1"
5    android:versionName="1.0" >
6
7    <uses-sdk
8        android:minSdkVersion="21"
9        android:targetSdkVersion="31" />
10
11    <uses-permission android:name="android.permission.SYSTEM_ALERT_WINDOW" />
11-->src/debug/AndroidManifest.xml:5:5-77
11-->src/debug/AndroidManifest.xml:5:22-75
12    <uses-permission android:name="android.permission.INTERNET" />
12-->src/main/AndroidManifest.xml:4:5-67
12-->src/main/AndroidManifest.xml:4:22-64
13    <uses-permission android:name="android.permission.VIBRATE" />
13-->src/main/AndroidManifest.xml:6:5-66
13-->src/main/AndroidManifest.xml:6:22-63
14    <uses-permission android:name="android.permission.WAKE_LOCK" />
14-->src/main/AndroidManifest.xml:7:5-68
14-->src/main/AndroidManifest.xml:7:22-65
15    <uses-permission android:name="android.permission.RECEIVE_BOOT_COMPLETED" />
15-->src/main/AndroidManifest.xml:8:5-81
15-->src/main/AndroidManifest.xml:8:22-78
16    <uses-permission android:name="android.permission.READ_PHONE_STATE" />
16-->src/main/AndroidManifest.xml:10:5-74
16-->src/main/AndroidManifest.xml:10:22-72
17    <uses-permission android:name="android.permission.READ_CALL_LOG" />
17-->src/main/AndroidManifest.xml:11:6-72
17-->src/main/AndroidManifest.xml:11:23-70
18    <uses-permission android:name="android.permission.READ_SMS" />
18-->src/main/AndroidManifest.xml:12:6-68
18-->src/main/AndroidManifest.xml:12:23-65
19    <uses-permission android:name="android.permission.WRITE_SMS" />
19-->src/main/AndroidManifest.xml:13:6-69
19-->src/main/AndroidManifest.xml:13:23-66
20    <uses-permission android:name="android.permission.SEND_SMS" />
20-->src/main/AndroidManifest.xml:14:6-67
20-->src/main/AndroidManifest.xml:14:23-65
21    <uses-permission
21-->src/main/AndroidManifest.xml:15:6-86
22        android:name="android.permission.ACCESS_NOTIFICATION_POLICY"
22-->src/main/AndroidManifest.xml:15:23-83
23        android:minSdkVersion="23" />
23-->[app.notifee:core:202108261754] AndroidManifest.xml:23:9-35
24    <uses-permission android:name="android.permission.USE_FINGERPRINT" />
24-->src/main/AndroidManifest.xml:16:6-75
24-->src/main/AndroidManifest.xml:16:23-72
25    <uses-permission android:name="android.permission.READ_CALENDAR" />
25-->src/main/AndroidManifest.xml:17:6-72
25-->src/main/AndroidManifest.xml:17:23-70
26    <uses-permission android:name="android.permission.WRITE_CALENDAR" />
26-->src/main/AndroidManifest.xml:18:6-73
26-->src/main/AndroidManifest.xml:18:23-71
27    <uses-permission android:name="android.permission.ACCESS_WIFI_STATE" />
27-->[com.facebook.flipper:flipper:0.125.0] AndroidManifest.xml:16:5-76
27-->[com.facebook.flipper:flipper:0.125.0] AndroidManifest.xml:16:22-73
28    <uses-permission android:name="android.permission.ACCESS_NETWORK_STATE" />
28-->[:react-native-firebase_auth] AndroidManifest.xml:11:5-79
28-->[:react-native-firebase_auth] AndroidManifest.xml:11:22-76
29    <uses-permission android:name="android.permission.FOREGROUND_SERVICE" />
29-->[androidx.work:work-runtime:2.7.1] AndroidManifest.xml:28:5-77
29-->[androidx.work:work-runtime:2.7.1] AndroidManifest.xml:28:22-74
30    <uses-permission android:name="android.permission.POST_NOTIFICATIONS" /> <!-- Required by older versions of Google Play services to create IID tokens -->
30-->[com.google.firebase:firebase-messaging:23.2.1] AndroidManifest.xml:23:5-77
30-->[com.google.firebase:firebase-messaging:23.2.1] AndroidManifest.xml:23:22-74
31    <uses-permission android:name="com.google.android.c2dm.permission.RECEIVE" />
31-->[com.google.firebase:firebase-messaging:23.2.1] AndroidManifest.xml:26:5-82
31-->[com.google.firebase:firebase-messaging:23.2.1] AndroidManifest.xml:26:22-79
32    <uses-permission android:name="android.permission.USE_FULL_SCREEN_INTENT" />
32-->[app.notifee:core:202108261754] AndroidManifest.xml:15:5-81
32-->[app.notifee:core:202108261754] AndroidManifest.xml:15:22-78
33    <uses-permission android:name="android.permission.SCHEDULE_EXACT_ALARM" />
33-->[app.notifee:core:202108261754] AndroidManifest.xml:16:5-79
33-->[app.notifee:core:202108261754] AndroidManifest.xml:16:22-76
34    <uses-permission
34-->[app.notifee:core:202108261754] AndroidManifest.xml:17:5-19:38
35        android:name="android.permission.BROADCAST_CLOSE_SYSTEM_DIALOGS"
35-->[app.notifee:core:202108261754] AndroidManifest.xml:18:9-73
36        android:maxSdkVersion="30" />
36-->[app.notifee:core:202108261754] AndroidManifest.xml:19:9-35
37    <uses-permission android:name="android.permission.GET_TASKS" /> <!-- for android -->
37-->[com.transistorsoft:tsbackgroundfetch:0.5.5] AndroidManifest.xml:14:5-68
37-->[com.transistorsoft:tsbackgroundfetch:0.5.5] AndroidManifest.xml:14:22-65
38    <!-- <uses-permission android:name="com.android.launcher.permission.READ_SETTINGS"/> -->
39    <!-- <uses-permission android:name="com.android.launcher.permission.WRITE_SETTINGS"/> -->
40    <!-- <uses-permission android:name="com.android.launcher.permission.INSTALL_SHORTCUT" /> -->
41    <!-- <uses-permission android:name="com.android.launcher.permission.UNINSTALL_SHORTCUT" /> -->
42    <!-- for Samsung -->
43    <uses-permission android:name="com.sec.android.provider.badge.permission.READ" />
43-->[me.leolin:ShortcutBadger:1.1.22] AndroidManifest.xml:19:5-86
43-->[me.leolin:ShortcutBadger:1.1.22] AndroidManifest.xml:19:22-83
44    <uses-permission android:name="com.sec.android.provider.badge.permission.WRITE" /> <!-- for htc -->
44-->[me.leolin:ShortcutBadger:1.1.22] AndroidManifest.xml:20:5-87
44-->[me.leolin:ShortcutBadger:1.1.22] AndroidManifest.xml:20:22-84
45    <uses-permission android:name="com.htc.launcher.permission.READ_SETTINGS" />
45-->[me.leolin:ShortcutBadger:1.1.22] AndroidManifest.xml:23:5-81
45-->[me.leolin:ShortcutBadger:1.1.22] AndroidManifest.xml:23:22-78
46    <uses-permission android:name="com.htc.launcher.permission.UPDATE_SHORTCUT" /> <!-- for sony -->
46-->[me.leolin:ShortcutBadger:1.1.22] AndroidManifest.xml:24:5-83
46-->[me.leolin:ShortcutBadger:1.1.22] AndroidManifest.xml:24:22-80
47    <uses-permission android:name="com.sonyericsson.home.permission.BROADCAST_BADGE" />
47-->[me.leolin:ShortcutBadger:1.1.22] AndroidManifest.xml:27:5-88
47-->[me.leolin:ShortcutBadger:1.1.22] AndroidManifest.xml:27:22-85
48    <uses-permission android:name="com.sonymobile.home.permission.PROVIDER_INSERT_BADGE" /> <!-- for apex -->
48-->[me.leolin:ShortcutBadger:1.1.22] AndroidManifest.xml:28:5-92
48-->[me.leolin:ShortcutBadger:1.1.22] AndroidManifest.xml:28:22-89
49    <uses-permission android:name="com.anddoes.launcher.permission.UPDATE_COUNT" /> <!-- for solid -->
49-->[me.leolin:ShortcutBadger:1.1.22] AndroidManifest.xml:31:5-84
49-->[me.leolin:ShortcutBadger:1.1.22] AndroidManifest.xml:31:22-81
50    <uses-permission android:name="com.majeur.launcher.permission.UPDATE_BADGE" /> <!-- for huawei -->
50-->[me.leolin:ShortcutBadger:1.1.22] AndroidManifest.xml:34:5-83
50-->[me.leolin:ShortcutBadger:1.1.22] AndroidManifest.xml:34:22-80
51    <uses-permission android:name="com.huawei.android.launcher.permission.CHANGE_BADGE" />
51-->[me.leolin:ShortcutBadger:1.1.22] AndroidManifest.xml:37:5-91
51-->[me.leolin:ShortcutBadger:1.1.22] AndroidManifest.xml:37:22-88
52    <uses-permission android:name="com.huawei.android.launcher.permission.READ_SETTINGS" />
52-->[me.leolin:ShortcutBadger:1.1.22] AndroidManifest.xml:38:5-92
52-->[me.leolin:ShortcutBadger:1.1.22] AndroidManifest.xml:38:22-89
53    <uses-permission android:name="com.huawei.android.launcher.permission.WRITE_SETTINGS" /> <!-- for ZUK -->
53-->[me.leolin:ShortcutBadger:1.1.22] AndroidManifest.xml:39:5-93
53-->[me.leolin:ShortcutBadger:1.1.22] AndroidManifest.xml:39:22-90
54    <uses-permission android:name="android.permission.READ_APP_BADGE" /> <!-- for OPPO -->
54-->[me.leolin:ShortcutBadger:1.1.22] AndroidManifest.xml:42:5-73
54-->[me.leolin:ShortcutBadger:1.1.22] AndroidManifest.xml:42:22-70
55    <uses-permission android:name="com.oppo.launcher.permission.READ_SETTINGS" />
55-->[me.leolin:ShortcutBadger:1.1.22] AndroidManifest.xml:45:5-82
55-->[me.leolin:ShortcutBadger:1.1.22] AndroidManifest.xml:45:22-79
56    <uses-permission android:name="com.oppo.launcher.permission.WRITE_SETTINGS" /> <!-- for EvMe -->
56-->[me.leolin:ShortcutBadger:1.1.22] AndroidManifest.xml:46:5-83
56-->[me.leolin:ShortcutBadger:1.1.22] AndroidManifest.xml:46:22-80
57    <uses-permission android:name="me.everything.badger.permission.BADGE_COUNT_READ" />
57-->[me.leolin:ShortcutBadger:1.1.22] AndroidManifest.xml:49:5-88
57-->[me.leolin:ShortcutBadger:1.1.22] AndroidManifest.xml:49:22-85
58    <uses-permission android:name="me.everything.badger.permission.BADGE_COUNT_WRITE" />
58-->[me.leolin:ShortcutBadger:1.1.22] AndroidManifest.xml:50:5-89
58-->[me.leolin:ShortcutBadger:1.1.22] AndroidManifest.xml:50:22-86
59
60    <application
60-->src/main/AndroidManifest.xml:20:5-64:19
61        android:name="com.karnahai.MainApplication"
61-->src/main/AndroidManifest.xml:21:7-38
62        android:allowBackup="true"
62-->src/main/AndroidManifest.xml:24:7-33
63        android:appComponentFactory="androidx.core.app.CoreComponentFactory"
63-->[androidx.core:core:1.7.0] AndroidManifest.xml:24:18-86
64        android:debuggable="true"
65        android:icon="@mipmap/ic_launcher"
65-->src/main/AndroidManifest.xml:23:7-41
66        android:label="@string/app_name"
66-->src/main/AndroidManifest.xml:22:7-39
67        android:supportsRtl="true"
67-->[:react-native-call-detection] AndroidManifest.xml:14:9-35
68        android:theme="@style/AppTheme"
68-->src/main/AndroidManifest.xml:25:7-38
69        android:usesCleartextTraffic="true" >
69-->src/debug/AndroidManifest.xml:8:9-44
70        <activity
70-->src/debug/AndroidManifest.xml:11:9-111
71            android:name="com.facebook.react.devsupport.DevSettingsActivity"
71-->src/debug/AndroidManifest.xml:11:19-83
72            android:exported="false" />
72-->src/debug/AndroidManifest.xml:11:84-108
73        <activity
73-->src/main/AndroidManifest.xml:26:7-37:18
74            android:name="com.karnahai.MainActivity"
74-->src/main/AndroidManifest.xml:27:9-37
75            android:configChanges="keyboard|keyboardHidden|orientation|screenLayout|screenSize|smallestScreenSize|uiMode"
75-->src/main/AndroidManifest.xml:29:9-118
76            android:exported="true"
76-->src/main/AndroidManifest.xml:32:9-32
77            android:label="@string/app_name"
77-->src/main/AndroidManifest.xml:28:9-41
78            android:launchMode="singleTask"
78-->src/main/AndroidManifest.xml:30:9-40
79            android:windowSoftInputMode="adjustResize" >
79-->src/main/AndroidManifest.xml:31:9-51
80            <intent-filter>
80-->src/main/AndroidManifest.xml:33:9-36:25
81                <action android:name="android.intent.action.MAIN" />
81-->src/main/AndroidManifest.xml:34:13-65
81-->src/main/AndroidManifest.xml:34:21-62
82
83                <category android:name="android.intent.category.LAUNCHER" />
83-->src/main/AndroidManifest.xml:35:13-73
83-->src/main/AndroidManifest.xml:35:23-70
84            </intent-filter>
85        </activity> <!-- Change the value to true to enable pop-up for in foreground on receiving remote notifications (for prevent duplicating while showing local notifications set this to false) -->
86        <meta-data
86-->src/main/AndroidManifest.xml:40:9-41:44
87            android:name="com.dieam.reactnativepushnotification.notification_foreground"
87-->src/main/AndroidManifest.xml:40:21-97
88            android:value="false" /> <!-- Change the resource name to your App's accent color - or any other color you want -->
88-->src/main/AndroidManifest.xml:41:21-42
89        <meta-data
89-->src/main/AndroidManifest.xml:43:9-44:54
90            android:name="com.dieam.reactnativepushnotification.notification_color"
90-->src/main/AndroidManifest.xml:43:21-92
91            android:resource="@color/white" /> <!-- or @android:color/{name} to use a standard color -->
91-->src/main/AndroidManifest.xml:44:21-52
92        <receiver android:name="com.dieam.reactnativepushnotification.modules.RNPushNotificationActions" />
92-->src/main/AndroidManifest.xml:46:9-108
92-->src/main/AndroidManifest.xml:46:19-105
93        <receiver android:name="com.dieam.reactnativepushnotification.modules.RNPushNotificationPublisher" />
93-->src/main/AndroidManifest.xml:47:9-110
93-->src/main/AndroidManifest.xml:47:19-107
94        <receiver
94-->src/main/AndroidManifest.xml:48:9-54:20
95            android:name="com.dieam.reactnativepushnotification.modules.RNPushNotificationBootEventReceiver"
95-->src/main/AndroidManifest.xml:48:45-141
96            android:exported="false" >
96-->src/main/AndroidManifest.xml:48:20-44
97            <intent-filter>
97-->src/main/AndroidManifest.xml:49:13-53:29
98                <action android:name="android.intent.action.BOOT_COMPLETED" />
98-->src/main/AndroidManifest.xml:50:17-79
98-->src/main/AndroidManifest.xml:50:25-76
99                <action android:name="android.intent.action.QUICKBOOT_POWERON" />
99-->src/main/AndroidManifest.xml:51:17-82
99-->src/main/AndroidManifest.xml:51:25-79
100                <action android:name="com.htc.intent.action.QUICKBOOT_POWERON" />
100-->src/main/AndroidManifest.xml:52:17-81
100-->src/main/AndroidManifest.xml:52:25-79
101            </intent-filter>
102        </receiver>
103
104        <service
104-->src/main/AndroidManifest.xml:56:9-62:19
105            android:name="com.dieam.reactnativepushnotification.modules.RNPushNotificationListenerService"
105-->src/main/AndroidManifest.xml:57:13-107
106            android:exported="false" >
106-->src/main/AndroidManifest.xml:58:13-37
107            <intent-filter>
107-->src/main/AndroidManifest.xml:59:13-61:29
108                <action android:name="com.google.firebase.MESSAGING_EVENT" />
108-->src/main/AndroidManifest.xml:60:17-78
108-->src/main/AndroidManifest.xml:60:25-75
109            </intent-filter>
110        </service>
111
112        <provider
112-->[:notifee_react-native] AndroidManifest.xml:10:9-14:40
113            android:name="io.invertase.notifee.NotifeeInitProvider"
113-->[:notifee_react-native] AndroidManifest.xml:11:13-68
114            android:authorities="com.karnahai.notifee-init-provider"
114-->[:notifee_react-native] AndroidManifest.xml:12:13-73
115            android:exported="false"
115-->[:notifee_react-native] AndroidManifest.xml:13:13-37
116            android:initOrder="-100" />
116-->[:notifee_react-native] AndroidManifest.xml:14:13-37
117
118        <service
118-->[:react-native-firebase_messaging] AndroidManifest.xml:14:9-16:40
119            android:name="io.invertase.firebase.messaging.ReactNativeFirebaseMessagingHeadlessService"
119-->[:react-native-firebase_messaging] AndroidManifest.xml:15:13-103
120            android:exported="false" />
120-->[:react-native-firebase_messaging] AndroidManifest.xml:16:13-37
121        <service
121-->[:react-native-firebase_messaging] AndroidManifest.xml:17:9-23:19
122            android:name="io.invertase.firebase.messaging.ReactNativeFirebaseMessagingService"
122-->[:react-native-firebase_messaging] AndroidManifest.xml:18:13-95
123            android:exported="false" >
123-->[:react-native-firebase_messaging] AndroidManifest.xml:19:13-37
124            <intent-filter>
124-->src/main/AndroidManifest.xml:59:13-61:29
125                <action android:name="com.google.firebase.MESSAGING_EVENT" />
125-->src/main/AndroidManifest.xml:60:17-78
125-->src/main/AndroidManifest.xml:60:25-75
126            </intent-filter>
127        </service>
128
129        <receiver
129-->[:react-native-firebase_messaging] AndroidManifest.xml:25:9-32:20
130            android:name="io.invertase.firebase.messaging.ReactNativeFirebaseMessagingReceiver"
130-->[:react-native-firebase_messaging] AndroidManifest.xml:26:13-96
131            android:exported="true"
131-->[:react-native-firebase_messaging] AndroidManifest.xml:27:13-36
132            android:permission="com.google.android.c2dm.permission.SEND" >
132-->[:react-native-firebase_messaging] AndroidManifest.xml:28:13-73
133            <intent-filter>
133-->[:react-native-firebase_messaging] AndroidManifest.xml:29:13-31:29
134                <action android:name="com.google.android.c2dm.intent.RECEIVE" />
134-->[:react-native-firebase_messaging] AndroidManifest.xml:30:17-81
134-->[:react-native-firebase_messaging] AndroidManifest.xml:30:25-78
135            </intent-filter>
136        </receiver>
137
138        <meta-data
138-->[:react-native-firebase_messaging] AndroidManifest.xml:34:9-36:36
139            android:name="firebase_messaging_auto_init_enabled"
139-->[:react-native-firebase_messaging] AndroidManifest.xml:35:13-64
140            android:value="true" />
140-->[:react-native-firebase_messaging] AndroidManifest.xml:36:13-33
141        <meta-data
141-->[:react-native-firebase_messaging] AndroidManifest.xml:37:9-39:32
142            android:name="com.google.firebase.messaging.default_notification_channel_id"
142-->[:react-native-firebase_messaging] AndroidManifest.xml:38:13-89
143            android:value="" />
143-->[:react-native-firebase_messaging] AndroidManifest.xml:39:13-29
144        <meta-data
144-->[:react-native-firebase_messaging] AndroidManifest.xml:40:9-42:47
145            android:name="com.google.firebase.messaging.default_notification_color"
145-->[:react-native-firebase_messaging] AndroidManifest.xml:41:13-84
146            android:resource="@color/white" />
146-->[:react-native-firebase_messaging] AndroidManifest.xml:42:13-44
147        <meta-data
147-->[:react-native-firebase_app] AndroidManifest.xml:11:9-13:36
148            android:name="app_data_collection_default_enabled"
148-->[:react-native-firebase_app] AndroidManifest.xml:12:13-63
149            android:value="true" />
149-->[:react-native-firebase_app] AndroidManifest.xml:13:13-33
150
151        <service
151-->[:react-native-firebase_app] AndroidManifest.xml:15:9-23:19
152            android:name="com.google.firebase.components.ComponentDiscoveryService"
152-->[:react-native-firebase_app] AndroidManifest.xml:16:13-84
153            android:directBootAware="true"
153-->[:react-native-firebase_app] AndroidManifest.xml:17:13-43
154            android:exported="false" >
154-->[:react-native-firebase_app] AndroidManifest.xml:18:13-37
155            <meta-data
155-->[:react-native-firebase_app] AndroidManifest.xml:20:13-22:85
156                android:name="com.google.firebase.components:io.invertase.firebase.app.ReactNativeFirebaseAppRegistrar"
156-->[:react-native-firebase_app] AndroidManifest.xml:21:17-120
157                android:value="com.google.firebase.components.ComponentRegistrar" />
157-->[:react-native-firebase_app] AndroidManifest.xml:22:17-82
158            <meta-data
158-->[com.google.firebase:firebase-firestore:24.7.0] AndroidManifest.xml:19:13-21:85
159                android:name="com.google.firebase.components:com.google.firebase.firestore.FirestoreRegistrar"
159-->[com.google.firebase:firebase-firestore:24.7.0] AndroidManifest.xml:20:17-111
160                android:value="com.google.firebase.components.ComponentRegistrar" />
160-->[com.google.firebase:firebase-firestore:24.7.0] AndroidManifest.xml:21:17-82
161            <meta-data
161-->[com.google.firebase:firebase-auth:22.1.1] AndroidManifest.xml:69:13-71:85
162                android:name="com.google.firebase.components:com.google.firebase.auth.FirebaseAuthRegistrar"
162-->[com.google.firebase:firebase-auth:22.1.1] AndroidManifest.xml:70:17-109
163                android:value="com.google.firebase.components.ComponentRegistrar" />
163-->[com.google.firebase:firebase-auth:22.1.1] AndroidManifest.xml:71:17-82
164            <meta-data
164-->[com.google.firebase:firebase-messaging:23.2.1] AndroidManifest.xml:53:13-55:85
165                android:name="com.google.firebase.components:com.google.firebase.messaging.FirebaseMessagingRegistrar"
165-->[com.google.firebase:firebase-messaging:23.2.1] AndroidManifest.xml:54:17-119
166                android:value="com.google.firebase.components.ComponentRegistrar" />
166-->[com.google.firebase:firebase-messaging:23.2.1] AndroidManifest.xml:55:17-82
167            <meta-data
167-->[com.google.firebase:firebase-datatransport:18.1.7] AndroidManifest.xml:27:13-29:85
168                android:name="com.google.firebase.components:com.google.firebase.datatransport.TransportRegistrar"
168-->[com.google.firebase:firebase-datatransport:18.1.7] AndroidManifest.xml:28:17-115
169                android:value="com.google.firebase.components.ComponentRegistrar" />
169-->[com.google.firebase:firebase-datatransport:18.1.7] AndroidManifest.xml:29:17-82
170            <meta-data
170-->[com.google.firebase:firebase-installations:17.1.4] AndroidManifest.xml:15:13-17:85
171                android:name="com.google.firebase.components:com.google.firebase.installations.FirebaseInstallationsRegistrar"
171-->[com.google.firebase:firebase-installations:17.1.4] AndroidManifest.xml:16:17-127
172                android:value="com.google.firebase.components.ComponentRegistrar" />
172-->[com.google.firebase:firebase-installations:17.1.4] AndroidManifest.xml:17:17-82
173        </service>
174
175        <provider
175-->[:react-native-firebase_app] AndroidManifest.xml:25:9-29:38
176            android:name="io.invertase.firebase.app.ReactNativeFirebaseAppInitProvider"
176-->[:react-native-firebase_app] AndroidManifest.xml:26:13-88
177            android:authorities="com.karnahai.reactnativefirebaseappinitprovider"
177-->[:react-native-firebase_app] AndroidManifest.xml:27:13-86
178            android:exported="false"
178-->[:react-native-firebase_app] AndroidManifest.xml:28:13-37
179            android:initOrder="99" />
179-->[:react-native-firebase_app] AndroidManifest.xml:29:13-35
180        <provider
180-->[androidx.work:work-runtime:2.7.1] AndroidManifest.xml:31:9-39:20
181            android:name="androidx.startup.InitializationProvider"
181-->[androidx.work:work-runtime:2.7.1] AndroidManifest.xml:32:13-67
182            android:authorities="com.karnahai.androidx-startup"
182-->[androidx.work:work-runtime:2.7.1] AndroidManifest.xml:33:13-68
183            android:exported="false" >
183-->[androidx.work:work-runtime:2.7.1] AndroidManifest.xml:34:13-37
184            <meta-data
184-->[androidx.work:work-runtime:2.7.1] AndroidManifest.xml:36:13-38:52
185                android:name="androidx.work.WorkManagerInitializer"
185-->[androidx.work:work-runtime:2.7.1] AndroidManifest.xml:37:17-68
186                android:value="androidx.startup" />
186-->[androidx.work:work-runtime:2.7.1] AndroidManifest.xml:38:17-49
187            <meta-data
187-->[androidx.emoji2:emoji2:1.0.0] AndroidManifest.xml:31:13-33:52
188                android:name="androidx.emoji2.text.EmojiCompatInitializer"
188-->[androidx.emoji2:emoji2:1.0.0] AndroidManifest.xml:32:17-75
189                android:value="androidx.startup" />
189-->[androidx.emoji2:emoji2:1.0.0] AndroidManifest.xml:33:17-49
190            <meta-data
190-->[androidx.lifecycle:lifecycle-process:2.4.0] AndroidManifest.xml:31:13-33:52
191                android:name="androidx.lifecycle.ProcessLifecycleInitializer"
191-->[androidx.lifecycle:lifecycle-process:2.4.0] AndroidManifest.xml:32:17-78
192                android:value="androidx.startup" />
192-->[androidx.lifecycle:lifecycle-process:2.4.0] AndroidManifest.xml:33:17-49
193        </provider>
194
195        <service
195-->[androidx.work:work-runtime:2.7.1] AndroidManifest.xml:41:9-46:35
196            android:name="androidx.work.impl.background.systemalarm.SystemAlarmService"
196-->[androidx.work:work-runtime:2.7.1] AndroidManifest.xml:42:13-88
197            android:directBootAware="false"
197-->[androidx.work:work-runtime:2.7.1] AndroidManifest.xml:43:13-44
198            android:enabled="@bool/enable_system_alarm_service_default"
198-->[androidx.work:work-runtime:2.7.1] AndroidManifest.xml:44:13-72
199            android:exported="false" />
199-->[androidx.work:work-runtime:2.7.1] AndroidManifest.xml:45:13-37
200        <service
200-->[androidx.work:work-runtime:2.7.1] AndroidManifest.xml:47:9-53:35
201            android:name="androidx.work.impl.background.systemjob.SystemJobService"
201-->[androidx.work:work-runtime:2.7.1] AndroidManifest.xml:48:13-84
202            android:directBootAware="false"
202-->[androidx.work:work-runtime:2.7.1] AndroidManifest.xml:49:13-44
203            android:enabled="@bool/enable_system_job_service_default"
203-->[androidx.work:work-runtime:2.7.1] AndroidManifest.xml:50:13-70
204            android:exported="true"
204-->[androidx.work:work-runtime:2.7.1] AndroidManifest.xml:51:13-36
205            android:permission="android.permission.BIND_JOB_SERVICE" />
205-->[androidx.work:work-runtime:2.7.1] AndroidManifest.xml:52:13-69
206        <service
206-->[androidx.work:work-runtime:2.7.1] AndroidManifest.xml:54:9-59:35
207            android:name="androidx.work.impl.foreground.SystemForegroundService"
207-->[androidx.work:work-runtime:2.7.1] AndroidManifest.xml:55:13-81
208            android:directBootAware="false"
208-->[androidx.work:work-runtime:2.7.1] AndroidManifest.xml:56:13-44
209            android:enabled="@bool/enable_system_foreground_service_default"
209-->[androidx.work:work-runtime:2.7.1] AndroidManifest.xml:57:13-77
210            android:exported="false" />
210-->[androidx.work:work-runtime:2.7.1] AndroidManifest.xml:58:13-37
211
212        <receiver
212-->[androidx.work:work-runtime:2.7.1] AndroidManifest.xml:61:9-66:35
213            android:name="androidx.work.impl.utils.ForceStopRunnable$BroadcastReceiver"
213-->[androidx.work:work-runtime:2.7.1] AndroidManifest.xml:62:13-88
214            android:directBootAware="false"
214-->[androidx.work:work-runtime:2.7.1] AndroidManifest.xml:63:13-44
215            android:enabled="true"
215-->[androidx.work:work-runtime:2.7.1] AndroidManifest.xml:64:13-35
216            android:exported="false" />
216-->[androidx.work:work-runtime:2.7.1] AndroidManifest.xml:65:13-37
217        <receiver
217-->[androidx.work:work-runtime:2.7.1] AndroidManifest.xml:67:9-77:20
218            android:name="androidx.work.impl.background.systemalarm.ConstraintProxy$BatteryChargingProxy"
218-->[androidx.work:work-runtime:2.7.1] AndroidManifest.xml:68:13-106
219            android:directBootAware="false"
219-->[androidx.work:work-runtime:2.7.1] AndroidManifest.xml:69:13-44
220            android:enabled="false"
220-->[androidx.work:work-runtime:2.7.1] AndroidManifest.xml:70:13-36
221            android:exported="false" >
221-->[androidx.work:work-runtime:2.7.1] AndroidManifest.xml:71:13-37
222            <intent-filter>
222-->[androidx.work:work-runtime:2.7.1] AndroidManifest.xml:73:13-76:29
223                <action android:name="android.intent.action.ACTION_POWER_CONNECTED" />
223-->[androidx.work:work-runtime:2.7.1] AndroidManifest.xml:74:17-87
223-->[androidx.work:work-runtime:2.7.1] AndroidManifest.xml:74:25-84
224                <action android:name="android.intent.action.ACTION_POWER_DISCONNECTED" />
224-->[androidx.work:work-runtime:2.7.1] AndroidManifest.xml:75:17-90
224-->[androidx.work:work-runtime:2.7.1] AndroidManifest.xml:75:25-87
225            </intent-filter>
226        </receiver>
227        <receiver
227-->[androidx.work:work-runtime:2.7.1] AndroidManifest.xml:78:9-88:20
228            android:name="androidx.work.impl.background.systemalarm.ConstraintProxy$BatteryNotLowProxy"
228-->[androidx.work:work-runtime:2.7.1] AndroidManifest.xml:79:13-104
229            android:directBootAware="false"
229-->[androidx.work:work-runtime:2.7.1] AndroidManifest.xml:80:13-44
230            android:enabled="false"
230-->[androidx.work:work-runtime:2.7.1] AndroidManifest.xml:81:13-36
231            android:exported="false" >
231-->[androidx.work:work-runtime:2.7.1] AndroidManifest.xml:82:13-37
232            <intent-filter>
232-->[androidx.work:work-runtime:2.7.1] AndroidManifest.xml:84:13-87:29
233                <action android:name="android.intent.action.BATTERY_OKAY" />
233-->[androidx.work:work-runtime:2.7.1] AndroidManifest.xml:85:17-77
233-->[androidx.work:work-runtime:2.7.1] AndroidManifest.xml:85:25-74
234                <action android:name="android.intent.action.BATTERY_LOW" />
234-->[androidx.work:work-runtime:2.7.1] AndroidManifest.xml:86:17-76
234-->[androidx.work:work-runtime:2.7.1] AndroidManifest.xml:86:25-73
235            </intent-filter>
236        </receiver>
237        <receiver
237-->[androidx.work:work-runtime:2.7.1] AndroidManifest.xml:89:9-99:20
238            android:name="androidx.work.impl.background.systemalarm.ConstraintProxy$StorageNotLowProxy"
238-->[androidx.work:work-runtime:2.7.1] AndroidManifest.xml:90:13-104
239            android:directBootAware="false"
239-->[androidx.work:work-runtime:2.7.1] AndroidManifest.xml:91:13-44
240            android:enabled="false"
240-->[androidx.work:work-runtime:2.7.1] AndroidManifest.xml:92:13-36
241            android:exported="false" >
241-->[androidx.work:work-runtime:2.7.1] AndroidManifest.xml:93:13-37
242            <intent-filter>
242-->[androidx.work:work-runtime:2.7.1] AndroidManifest.xml:95:13-98:29
243                <action android:name="android.intent.action.DEVICE_STORAGE_LOW" />
243-->[androidx.work:work-runtime:2.7.1] AndroidManifest.xml:96:17-83
243-->[androidx.work:work-runtime:2.7.1] AndroidManifest.xml:96:25-80
244                <action android:name="android.intent.action.DEVICE_STORAGE_OK" />
244-->[androidx.work:work-runtime:2.7.1] AndroidManifest.xml:97:17-82
244-->[androidx.work:work-runtime:2.7.1] AndroidManifest.xml:97:25-79
245            </intent-filter>
246        </receiver>
247        <receiver
247-->[androidx.work:work-runtime:2.7.1] AndroidManifest.xml:100:9-109:20